{"numTotalTestSuites":1,"numPassedTestSuites":0,"numFailedTestSuites":1,"numPendingTestSuites":0,"numTotalTests":0,"numPassedTests":0,"numFailedTests":0,"numPendingTests":0,"numTodoTests":0,"startTime":1773397292117,"success":false,"testResults":[{"assertionResults":[],"startTime":1773397292117,"endTime":1773397292117,"status":"failed","message":"window is not defined","name":"C:/Users/mail/Downloads/ESPHome_desinger/Codebasecleanup/0.9/custom_components/esphome_designer/frontend/tests/features/plugin_export_smoke.test.js"}]}
